Determining if the pthread_create exist failed with the following output:
Change Dir: /home/vshakib/LYDG/build/CMakeFiles/CMakeTmp

Run Build Command:/usr/bin/gmake "cmTryCompileExec3338648256/fast"
/usr/bin/gmake -f CMakeFiles/cmTryCompileExec3338648256.dir/build.make CMakeFiles/cmTryCompileExec3338648256.dir/build
gmake[1]: Entering directory `/home/vshakib/LYDG/build/CMakeFiles/CMakeTmp'
/share/apps/cmake/2.8.12.2/bin/cmake -E cmake_progress_report /home/vshakib/LYDG/build/CMakeFiles/CMakeTmp/CMakeFiles 1
Building C object CMakeFiles/cmTryCompileExec3338648256.dir/CheckSymbolExists.c.o
/usr/bin/cc    -o CMakeFiles/cmTryCompileExec3338648256.dir/CheckSymbolExists.c.o   -c /home/vshakib/LYDG/build/CMakeFiles/CMakeTmp/CheckSymbolExists.c
Linking C executable cmTryCompileExec3338648256
/share/apps/cmake/2.8.12.2/bin/cmake -E cmake_link_script CMakeFiles/cmTryCompileExec3338648256.dir/link.txt --verbose=1
/usr/bin/cc       CMakeFiles/cmTryCompileExec3338648256.dir/CheckSymbolExists.c.o  -o cmTryCompileExec3338648256 -rdynamic 
CMakeFiles/cmTryCompileExec3338648256.dir/CheckSymbolExists.c.o: In function `main':
CheckSymbolExists.c:(.text+0xc): undefined reference to `pthread_create'
collect2: ld returned 1 exit status
gmake[1]: Leaving directory `/home/vshakib/LYDG/build/CMakeFiles/CMakeTmp'
gmake[1]: *** [cmTryCompileExec3338648256] Error 1
gmake: *** [cmTryCompileExec3338648256/fast] Error 2

File /home/vshakib/LYDG/build/CMakeFiles/CMakeTmp/CheckSymbolExists.c:
/* */
#include <pthread.h>

int main(int argc, char** argv)
{
  (void)argv;
#ifndef pthread_create
  return ((int*)(&pthread_create))[argc];
#else
  (void)argc;
  return 0;
#endif
}

Determining if the function pthread_create exists in the pthreads failed with the following output:
Change Dir: /home/vshakib/LYDG/build/CMakeFiles/CMakeTmp

Run Build Command:/usr/bin/gmake "cmTryCompileExec3398332606/fast"
/usr/bin/gmake -f CMakeFiles/cmTryCompileExec3398332606.dir/build.make CMakeFiles/cmTryCompileExec3398332606.dir/build
gmake[1]: Entering directory `/home/vshakib/LYDG/build/CMakeFiles/CMakeTmp'
/share/apps/cmake/2.8.12.2/bin/cmake -E cmake_progress_report /home/vshakib/LYDG/build/CMakeFiles/CMakeTmp/CMakeFiles 1
Building C object CMakeFiles/cmTryCompileExec3398332606.dir/CheckFunctionExists.c.o
/usr/bin/cc   -DCHECK_FUNCTION_EXISTS=pthread_create   -o CMakeFiles/cmTryCompileExec3398332606.dir/CheckFunctionExists.c.o   -c /share/apps/cmake/2.8.12.2/share/cmake-2.8/Modules/CheckFunctionExists.c
Linking C executable cmTryCompileExec3398332606
/share/apps/cmake/2.8.12.2/bin/cmake -E cmake_link_script CMakeFiles/cmTryCompileExec3398332606.dir/link.txt --verbose=1
/usr/bin/cc   -DCHECK_FUNCTION_EXISTS=pthread_create    CMakeFiles/cmTryCompileExec3398332606.dir/CheckFunctionExists.c.o  -o cmTryCompileExec3398332606 -rdynamic -lpthreads 
/usr/bin/ld: cannot find -lpthreads
collect2: ld returned 1 exit status
gmake[1]: Leaving directory `/home/vshakib/LYDG/build/CMakeFiles/CMakeTmp'
gmake[1]: *** [cmTryCompileExec3398332606] Error 1
gmake: *** [cmTryCompileExec3398332606/fast] Error 2


